This file contains any messages produced by compilers while
running configure, to aid debugging if configure makes a mistake.

configure:593: checking host system type
configure:619: checking for prespecified compiler options
configure:716: checking for gcc
configure:829: checking whether the C compiler (gcc -g -O3 -arch x86_64 ) works
configure:845: gcc -o conftest -g -O3 -arch x86_64   conftest.c  1>&5
configure:842:1: warning: type specifier missing, defaults to 'int' [-Wimplicit-int]
main(){return(0);}
^
1 warning generated.
configure:871: checking whether the C compiler (gcc -g -O3 -arch x86_64 ) is a cross-compiler
configure:876: checking whether we are using GNU C
configure:885: gcc -E conftest.c
configure:904: checking whether gcc accepts -g
configure:936: checking whether make sets ${MAKE}
configure:965: checking for ranlib
configure:997: checking for sh
configure:1041: checking for file suffixes
configure:1176: checking for sqrt in -lm
configure:1195: gcc -o conftest -g -O3 -arch x86_64   conftest.c -lm   1>&5
configure:1188:6: warning: incompatible redeclaration of library function 'sqrt' [-Wincompatible-library-redeclaration]
char sqrt();
     ^
configure:1188:6: note: 'sqrt' is a builtin with type 'double (double)'
1 warning generated.
configure:1225: checking for -lnsl
configure:1242: gcc -o conftest -g -O3 -arch x86_64   conftest.c -lm  1>&5
configure:1294: checking for -lsocket
configure:1311: gcc -o conftest -g -O3 -arch x86_64   conftest.c -lm  1>&5
configure:1361: checking for bfd_open_file in -lbfd
configure:1380: gcc -o conftest -g -O3 -arch x86_64   conftest.c -lbfd  -lm  1>&5
ld: library not found for -lbfd
clang: error: linker command failed with exit code 1 (use -v to see invocation)
configure: failed program was:
#line 1369 "configure"
#include "confdefs.h"
/* Override any gcc2 internal prototype to avoid an error.  */
/* We use char because int might match the return type of a gcc2
    builtin and then its argument prototype would still apply.  */
char bfd_open_file();

int main() {
bfd_open_file()
; return 0; }
configure:1408: checking for xstrerror in -liberty
configure:1427: gcc -o conftest -g -O3 -arch x86_64   conftest.c -liberty  -lm  1>&5
ld: library not found for -liberty
clang: error: linker command failed with exit code 1 (use -v to see invocation)
configure: failed program was:
#line 1416 "configure"
#include "confdefs.h"
/* Override any gcc2 internal prototype to avoid an error.  */
/* We use char because int might match the return type of a gcc2
    builtin and then its argument prototype would still apply.  */
char xstrerror();

int main() {
xstrerror()
; return 0; }
configure:1678: checking how to run the C preprocessor
configure:1699: gcc -E  conftest.c >/dev/null 2>conftest.out
configure:1758: checking for ANSI C header files
configure:1771: gcc -E  conftest.c >/dev/null 2>conftest.out
configure:1838: gcc -o conftest -g -O3 -arch x86_64   conftest.c -lm  1>&5
configure:1833:67: warning: implicitly declaring library function 'exit' with type 'void (int) __attribute__((noreturn))' [-Wimplicit-function-declaration]
if (XOR (islower (i), ISLOWER (i)) || toupper (i) != TOUPPER (i)) exit(2);
                                                                  ^
configure:1833:67: note: include the header <stdlib.h> or explicitly provide a declaration for 'exit'
1 warning generated.
configure:1862: checking whether time.h and sys/time.h may both be included
configure:1876: gcc -c -g -O3 -arch x86_64  conftest.c 1>&5
configure:1900: checking for stdlib.h
configure:1910: gcc -E  conftest.c >/dev/null 2>conftest.out
configure:1900: checking for math.h
configure:1910: gcc -E  conftest.c >/dev/null 2>conftest.out
configure:1900: checking for string.h
configure:1910: gcc -E  conftest.c >/dev/null 2>conftest.out
configure:1900: checking for strings.h
configure:1910: gcc -E  conftest.c >/dev/null 2>conftest.out
configure:1900: checking for errno.h
configure:1910: gcc -E  conftest.c >/dev/null 2>conftest.out
configure:1900: checking for assert.h
configure:1910: gcc -E  conftest.c >/dev/null 2>conftest.out
configure:1900: checking for sys/time.h
configure:1910: gcc -E  conftest.c >/dev/null 2>conftest.out
configure:1900: checking for time.h
configure:1910: gcc -E  conftest.c >/dev/null 2>conftest.out
configure:1900: checking for stddef.h
configure:1910: gcc -E  conftest.c >/dev/null 2>conftest.out
configure:1900: checking for unistd.h
configure:1910: gcc -E  conftest.c >/dev/null 2>conftest.out
configure:1900: checking for malloc.h
configure:1910: gcc -E  conftest.c >/dev/null 2>conftest.out
configure:1906:10: fatal error: 'malloc.h' file not found
#include <malloc.h>
         ^~~~~~~~~~
1 error generated.
configure: failed program was:
#line 1905 "configure"
#include "confdefs.h"
#include <malloc.h>
configure:1900: checking for sys/types.h
configure:1910: gcc -E  conftest.c >/dev/null 2>conftest.out
configure:1900: checking for sys/stat.h
configure:1910: gcc -E  conftest.c >/dev/null 2>conftest.out
configure:1900: checking for fcntl.h
configure:1910: gcc -E  conftest.c >/dev/null 2>conftest.out
configure:1900: checking for signal.h
configure:1910: gcc -E  conftest.c >/dev/null 2>conftest.out
configure:1900: checking for sys/socket.h
configure:1910: gcc -E  conftest.c >/dev/null 2>conftest.out
configure:1900: checking for netinet/in.h
configure:1910: gcc -E  conftest.c >/dev/null 2>conftest.out
configure:1900: checking for netdb.h
configure:1910: gcc -E  conftest.c >/dev/null 2>conftest.out
configure:1900: checking for sys/resource.h
configure:1910: gcc -E  conftest.c >/dev/null 2>conftest.out
configure:1900: checking for sys/param.h
configure:1910: gcc -E  conftest.c >/dev/null 2>conftest.out
configure:1900: checking for sys/times.h
configure:1910: gcc -E  conftest.c >/dev/null 2>conftest.out
configure:2001: checking for working const
configure:2055: gcc -c -g -O3 -arch x86_64  conftest.c 1>&5
configure:2078: checking for void
configure:2090: gcc -c -g -O3 -arch x86_64  conftest.c 1>&5
configure:2111: checking for size_t
configure:2144: checking for pid_t
configure:2177: checking return type of signal handlers
configure:2199: gcc -c -g -O3 -arch x86_64  conftest.c 1>&5
configure:2218: checking for u_char
configure:2254: checking for missing printf prototype
configure:2266: gcc -c -g -O3 -arch x86_64  conftest.c 1>&5
configure:2262:8: error: passing 'double' to parameter of incompatible type 'const char *'
printf(3.0)
       ^~~
/Applications/Xcode.app/Contents/Developer/Platforms/MacOSX.platform/Developer/SDKs/MacOSX.sdk/usr/include/stdio.h:170:36: note: passing argument to parameter here
int      printf(const char * __restrict, ...) __printflike(1, 2);
                                       ^
1 error generated.
configure: failed program was:
#line 2259 "configure"
#include "confdefs.h"
#include <stdio.h>
int main() {
printf(3.0)
; return 0; }
configure:2290: checking for missing gethostname prototype
configure:2305: gcc -c -g -O3 -arch x86_64  conftest.c 1>&5
configure:2301:16: error: too few arguments to function call, expected 2, have 1
gethostname(3.0)
~~~~~~~~~~~    ^
/Applications/Xcode.app/Contents/Developer/Platforms/MacOSX.platform/Developer/SDKs/MacOSX.sdk/usr/include/unistd.h:622:1: note: 'gethostname' declared here
int      gethostname(char *, size_t);
^
1 error generated.
configure: failed program was:
#line 2295 "configure"
#include "confdefs.h"

#ifdef HAVE_UNISTD_H
#include <unistd.h>
#endif
int main() {
gethostname(3.0)
; return 0; }
configure:2329: checking for missing getrusage prototype
configure:2356: gcc -c -g -O3 -arch x86_64  conftest.c 1>&5
configure:2352:14: error: too few arguments to function call, expected 2, have 1
getrusage(3.0)
~~~~~~~~~    ^
/Applications/Xcode.app/Contents/Developer/Platforms/MacOSX.platform/Developer/SDKs/MacOSX.sdk/usr/include/sys/resource.h:450:1: note: 'getrusage' declared here
int     getrusage(int, struct rusage *);
^
1 error generated.
configure: failed program was:
#line 2334 "configure"
#include "confdefs.h"

#ifdef TIME_WITH_SYS_TIME
# include <sys/time.h>
# include <time.h>
#else
# ifdef HAVE_SYS_TIME_H
#  include <sys/time.h>
# else
#  ifdef HAVE_TIME_H
#   include <time.h>
#  endif
# endif
#endif
#ifdef HAVE_SYS_RESOURCE_H
#include <sys/resource.h>
#endif
int main() {
getrusage(3.0)
; return 0; }
configure:2382: checking usable sigaction()
configure:2404: gcc -c -g -O3 -arch x86_64  conftest.c 1>&5
configure:2474: checking for __attribute__
configure:2486: gcc -c -g -O3 -arch x86_64  conftest.c 1>&5
configure:2482:64: error: function definition is not allowed here
int __attribute__ ((unused)) x (__attribute__ ((unused)) int y){return 0;}
                                                               ^
1 error generated.
configure: failed program was:
#line 2479 "configure"
#include "confdefs.h"

int main() {
int __attribute__ ((unused)) x (__attribute__ ((unused)) int y){return 0;}
; return 0; }
configure:2554: checking for gethostname
configure:2582: gcc -o conftest -g -O3 -arch x86_64   conftest.c -lm  1>&5
configure:2554: checking for socket
configure:2582: gcc -o conftest -g -O3 -arch x86_64   conftest.c -lm  1>&5
configure:2554: checking for strdup
configure:2582: gcc -o conftest -g -O3 -arch x86_64   conftest.c -lm  1>&5
configure:2566:6: warning: incompatible redeclaration of library function 'strdup' [-Wincompatible-library-redeclaration]
char strdup();
     ^
configure:2566:6: note: 'strdup' is a builtin with type 'char *(const char *)'
1 warning generated.
configure:2554: checking for getrusage
configure:2582: gcc -o conftest -g -O3 -arch x86_64   conftest.c -lm  1>&5
configure:2554: checking for times
configure:2582: gcc -o conftest -g -O3 -arch x86_64   conftest.c -lm  1>&5
configure:2554: checking for clock
configure:2582: gcc -o conftest -g -O3 -arch x86_64   conftest.c -lm  1>&5
configure:2554: checking for sleep
configure:2582: gcc -o conftest -g -O3 -arch x86_64   conftest.c -lm  1>&5
configure:2554: checking for sigaction
configure:2582: gcc -o conftest -g -O3 -arch x86_64   conftest.c -lm  1>&5
configure:2554: checking for signal
configure:2582: gcc -o conftest -g -O3 -arch x86_64   conftest.c -lm  1>&5
